<?xml version="1.0" encoding="UTF-8"?>
<!-- Generated by org.testng.reporters.JUnitReportReporter -->
<testsuite skipped="0" hostname="Priya" name="com.bridgelabz.qa.seleniumconcepts.JavaScriptExecutor" tests="1" failures="0" timestamp="2023-03-05T13:13:38 IST" time="3.218" errors="0">
  <testcase name="execute" time="3.218" classname="com.bridgelabz.qa.seleniumconcepts.JavaScriptExecutor"/>
  <system-out/>
</testsuite> <!-- com.bridgelabz.qa.seleniumconcepts.JavaScriptExecutor -->
