<?xml version="1.0" encoding="UTF-8"?>
<!-- Generated by org.testng.reporters.JUnitReportReporter -->
<testsuite skipped="0" hostname="Priya" name="com.bridgelabz.qa.seleniumconcepts.LaunchWebinar" tests="1" failures="0" timestamp="2023-03-04T01:36:45 IST" time="11.245" errors="0">
  <testcase name="WebinarPage" time="11.245" classname="com.bridgelabz.qa.seleniumconcepts.LaunchWebinar"/>
  <system-out/>
</testsuite> <!-- com.bridgelabz.qa.seleniumconcepts.LaunchWebinar -->
