<?xml version="1.0" encoding="UTF-8"?>
<!-- Generated by org.testng.reporters.JUnitReportReporter -->
<testsuite skipped="0" hostname="Priya" name="com.bridgelabz.qa.seleniumconcepts.FacebookSelect" tests="2" failures="0" timestamp="2023-03-04T01:36:45 IST" time="31.496" errors="0">
  <testcase name="SignUpFbPage_Success" time="30.363" classname="com.bridgelabz.qa.seleniumconcepts.FacebookSelect"/>
  <system-out/>
  <testcase name="NavigateOnFbSignUpPage_Success" time="1.133" classname="com.bridgelabz.qa.seleniumconcepts.FacebookSelect"/>
  <system-out/>
</testsuite> <!-- com.bridgelabz.qa.seleniumconcepts.FacebookSelect -->
