<?xml version="1.0" encoding="UTF-8"?>
<!-- Generated by org.testng.reporters.JUnitReportReporter -->
<testsuite skipped="0" hostname="Priya" name="com.bridgelabz.qa.seleniumconcepts.FacebookSelect" tests="2" failures="0" timestamp="2023-03-05T13:13:38 IST" time="29.582" errors="0">
  <testcase name="SignUpFbPage_Success" time="28.549" classname="com.bridgelabz.qa.seleniumconcepts.FacebookSelect"/>
  <system-out/>
  <testcase name="NavigateOnFbSignUpPage_Success" time="1.033" classname="com.bridgelabz.qa.seleniumconcepts.FacebookSelect"/>
  <system-out/>
</testsuite> <!-- com.bridgelabz.qa.seleniumconcepts.FacebookSelect -->
